[2011/4/29 16:45:15] 开始烧写...
[2011/4/29 16:45:15] [烧写第一部分]烧写完成
[2011/4/29 16:45:15] [烧写第二部分]烧写完成
[2011/4/29 16:45:15] [烧写第三部分]烧写完成
[2011/4/29 16:45:15] [烧写第四部分]烧写完成
[2011/4/29 16:45:15] [烧写第五部分]烧写完成
[2011/4/29 16:45:15] [烧写第六部分]烧写完成
[2011/4/29 16:45:15] [烧写第七部分]烧写完成
[2011/4/29 16:45:15] [烧写第八部分]烧写失败
[2011/4/29 16:45:15] 处理出错
[2011/4/29 16:52:56] 未发现卡
[2011/4/29 16:53:15] 开始烧写...
[2011/4/29 16:53:15] [烧写第一部分]烧写完成
[2011/4/29 16:53:15] [烧写第二部分]烧写完成
[2011/4/29 16:53:15] [烧写第三部分]烧写完成
[2011/4/29 16:53:15] [烧写第四部分]烧写完成
[2011/4/29 16:53:15] [烧写第五部分]烧写完成
[2011/4/29 16:53:16] [烧写第六部分]烧写完成
[2011/4/29 16:53:16] [烧写第七部分]烧写完成
[2011/4/29 16:53:17] [烧写第八部分]烧写完成
[2011/4/29 16:53:17] [烧写第一部分]检验完成
[2011/4/29 16:53:17] [烧写第二部分]检验完成
[2011/4/29 16:53:17] [烧写第三部分]检验完成
[2011/4/29 16:53:17] [烧写第四部分]检验完成
[2011/4/29 16:53:17] [烧写第五部分]检验完成
[2011/4/29 16:53:17] [烧写第六部分]检验完成
[2011/4/29 16:53:17] [烧写第七部分]检验完成
[2011/4/29 16:53:17] [烧写第八部分]检验完成
[2011/4/29 16:53:17] magic完成
[2011/4/29 16:53:17] 烧写结束...
[2011/4/29 17:48:27] 开始烧写...
[2011/4/29 17:48:27] [烧写第一部分]烧写完成
[2011/4/29 17:48:28] [烧写第二部分]烧写完成
[2011/4/29 17:48:28] [烧写第三部分]烧写完成
[2011/4/29 17:48:28] [烧写第四部分]烧写完成
[2011/4/29 17:48:28] [烧写第五部分]烧写完成
[2011/4/29 17:48:28] [烧写第六部分]烧写完成
[2011/4/29 17:48:28] [烧写第七部分]烧写完成
[2011/4/29 17:48:29] [烧写第八部分]烧写完成
[2011/4/29 17:48:29] [烧写第一部分]检验完成
[2011/4/29 17:48:29] [烧写第二部分]检验完成
[2011/4/29 17:48:29] [烧写第三部分]检验完成
[2011/4/29 17:48:29] [烧写第四部分]检验完成
[2011/4/29 17:48:29] [烧写第五部分]检验完成
[2011/4/29 17:48:29] [烧写第六部分]检验完成
[2011/4/29 17:48:29] [烧写第七部分]检验完成
[2011/4/29 17:48:29] [烧写第八部分]检验完成
[2011/4/29 17:48:29] magic完成
[2011/4/29 17:48:29] 烧写结束...
[2011/4/29 18:55:38] 开始烧写...
[2011/4/29 18:55:39] [烧写第一部分]烧写完成
[2011/4/29 18:55:39] [烧写第二部分]烧写完成
[2011/4/29 18:55:39] [烧写第三部分]烧写完成
[2011/4/29 18:55:39] [烧写第四部分]烧写完成
[2011/4/29 18:55:39] [烧写第五部分]烧写完成
[2011/4/29 18:55:39] [烧写第六部分]烧写完成
[2011/4/29 18:55:39] [烧写第七部分]烧写完成
[2011/4/29 18:55:40] [烧写第八部分]烧写完成
[2011/4/29 18:55:40] [烧写第一部分]检验完成
[2011/4/29 18:55:40] [烧写第二部分]检验完成
[2011/4/29 18:55:40] [烧写第三部分]检验完成
[2011/4/29 18:55:40] [烧写第四部分]检验完成
[2011/4/29 18:55:40] [烧写第五部分]检验完成
[2011/4/29 18:55:40] [烧写第六部分]检验完成
[2011/4/29 18:55:40] [烧写第七部分]检验完成
[2011/4/29 18:55:40] [烧写第八部分]检验完成
[2011/4/29 18:55:40] magic完成
[2011/4/29 18:55:40] 烧写结束...
[2011/4/29 18:58:35] 未发现卡
[2011/4/29 18:58:54] 格式化卡到正常状态成功
[2011/4/29 18:59:0] 开始烧写...
[2011/4/29 18:59:1] 处理出错
[2011/4/29 18:59:4] 开始烧写...
[2011/4/29 18:59:4] 处理出错
[2011/4/29 18:59:11] 开始烧写...
[2011/4/29 18:59:11] 处理出错
[2011/4/29 18:59:13] 开始烧写...
[2011/4/29 18:59:13] 处理出错
[2011/4/29 18:59:13] 开始烧写...
[2011/4/29 18:59:13] 处理出错
[2011/4/29 18:59:14] 开始烧写...
[2011/4/29 18:59:14] 处理出错
[2011/4/29 18:59:14] 开始烧写...
[2011/4/29 18:59:14] 处理出错
[2011/4/29 18:59:14] 开始烧写...
[2011/4/29 18:59:14] 处理出错
[2011/4/29 18:59:14] 开始烧写...
[2011/4/29 18:59:14] 处理出错
[2011/4/29 18:59:20] 开始烧写...
[2011/4/29 18:59:20] 处理出错
[2011/4/29 18:59:21] 格式化卡到正常状态失败
[2011/4/29 18:59:23] 格式化卡到正常状态失败
[2011/4/29 18:59:34] 格式化卡到正常状态成功
[2011/4/29 18:59:39] 开始烧写...
[2011/4/29 18:59:39] [烧写第一部分]烧写完成
[2011/4/29 18:59:39] [烧写第二部分]烧写完成
[2011/4/29 18:59:39] [烧写第三部分]烧写完成
[2011/4/29 18:59:39] [烧写第四部分]烧写完成
[2011/4/29 18:59:39] [烧写第五部分]烧写完成
[2011/4/29 18:59:39] [烧写第六部分]烧写完成
[2011/4/29 18:59:39] [烧写第七部分]烧写完成
[2011/4/29 18:59:40] [烧写第八部分]烧写完成
[2011/4/29 18:59:40] [烧写第一部分]检验完成
[2011/4/29 18:59:40] [烧写第二部分]检验完成
[2011/4/29 18:59:40] [烧写第三部分]检验完成
[2011/4/29 18:59:40] [烧写第四部分]检验完成
[2011/4/29 18:59:40] [烧写第五部分]检验完成
[2011/4/29 18:59:40] [烧写第六部分]检验完成
[2011/4/29 18:59:40] [烧写第七部分]检验完成
[2011/4/29 18:59:40] [烧写第八部分]检验完成
[2011/4/29 18:59:40] magic完成
[2011/4/29 18:59:40] 烧写结束...
[2011/4/29 19:18:16] 开始烧写...
[2011/4/29 19:18:16] [烧写第一部分]烧写完成
[2011/4/29 19:18:16] [烧写第二部分]烧写完成
[2011/4/29 19:18:16] [烧写第三部分]烧写完成
[2011/4/29 19:18:16] [烧写第四部分]烧写完成
[2011/4/29 19:18:16] [烧写第五部分]烧写完成
[2011/4/29 19:18:16] [烧写第六部分]烧写完成
[2011/4/29 19:18:16] [烧写第七部分]烧写完成
[2011/4/29 19:18:17] [烧写第八部分]烧写完成
[2011/4/29 19:18:17] [烧写第一部分]检验完成
[2011/4/29 19:18:17] [烧写第二部分]检验完成
[2011/4/29 19:18:17] [烧写第三部分]检验完成
[2011/4/29 19:18:17] [烧写第四部分]检验完成
[2011/4/29 19:18:17] [烧写第五部分]检验完成
[2011/4/29 19:18:17] [烧写第六部分]检验完成
[2011/4/29 19:18:17] [烧写第七部分]检验完成
[2011/4/29 19:18:17] [烧写第八部分]检验完成
[2011/4/29 19:18:17] magic完成
[2011/4/29 19:18:17] 烧写结束...
[2011/4/29 19:26:47] 开始烧写...
[2011/4/29 19:26:47] [烧写第一部分]烧写完成
[2011/4/29 19:26:47] [烧写第五部分]烧写完成
[2011/4/29 19:26:47] [烧写第六部分]烧写完成
[2011/4/29 19:26:47] [烧写第七部分]烧写完成
[2011/4/29 19:26:48] [烧写第八部分]烧写完成
[2011/4/29 19:26:48] [烧写第一部分]检验完成
[2011/4/29 19:26:48] [烧写第五部分]检验完成
[2011/4/29 19:26:48] [烧写第六部分]检验完成
[2011/4/29 19:26:48] [烧写第七部分]检验完成
[2011/4/29 19:26:48] [烧写第八部分]检验完成
[2011/4/29 19:26:48] magic完成
[2011/4/29 19:26:48] 烧写结束...
[2011/4/29 19:44:21] 开始烧写...
[2011/4/29 19:44:22] [烧写第一部分]烧写完成
[2011/4/29 19:44:22] [烧写第五部分]烧写完成
[2011/4/29 19:44:22] [烧写第六部分]烧写完成
[2011/4/29 19:44:22] [烧写第七部分]烧写完成
[2011/4/29 19:44:22] [烧写第八部分]烧写完成
[2011/4/29 19:44:22] [烧写第一部分]检验完成
[2011/4/29 19:44:22] [烧写第五部分]检验完成
[2011/4/29 19:44:22] [烧写第六部分]检验完成
[2011/4/29 19:44:22] [烧写第七部分]检验完成
[2011/4/29 19:44:23] [烧写第八部分]检验完成
[2011/4/29 19:44:23] magic完成
[2011/4/29 19:44:23] 烧写结束...
[2011/4/29 19:47:42] 未发现卡
[2011/4/29 19:47:43] 未发现卡
[2011/4/29 19:47:53] 未发现卡
[2011/4/29 19:47:53] 未发现卡
[2011/4/29 19:47:54] 未发现卡
[2011/4/29 19:48:1] 开始烧写...
[2011/4/29 19:48:1] [烧写第一部分]烧写完成
[2011/4/29 19:48:1] [烧写第五部分]烧写完成
[2011/4/29 19:48:1] [烧写第六部分]烧写完成
[2011/4/29 19:48:1] [烧写第七部分]烧写完成
[2011/4/29 19:48:2] [烧写第八部分]烧写完成
[2011/4/29 19:48:2] [烧写第一部分]检验完成
[2011/4/29 19:48:2] [烧写第五部分]检验完成
[2011/4/29 19:48:2] [烧写第六部分]检验完成
[2011/4/29 19:48:2] [烧写第七部分]检验完成
[2011/4/29 19:48:2] [烧写第八部分]检验完成
[2011/4/29 19:48:2] magic完成
[2011/4/29 19:48:2] 烧写结束...
[2011/4/29 19:50:51] 开始烧写...
[2011/4/29 19:50:51] [烧写第一部分]烧写失败
[2011/4/29 19:50:51] 处理出错
[2011/4/29 19:50:58] 开始烧写...
[2011/4/29 19:50:58] [烧写第一部分]烧写失败
[2011/4/29 19:50:58] 处理出错
[2011/4/29 19:50:59] 开始烧写...
[2011/4/29 19:50:59] [烧写第一部分]烧写失败
[2011/4/29 19:51:0] 处理出错
[2011/4/29 19:51:0] 格式化卡到正常状态失败
[2011/4/29 19:51:22] 开始烧写...
[2011/4/29 19:51:22] [烧写第一部分]烧写完成
[2011/4/29 19:51:22] [烧写第五部分]烧写完成
[2011/4/29 19:51:22] [烧写第六部分]烧写完成
[2011/4/29 19:51:22] [烧写第七部分]烧写完成
[2011/4/29 19:51:23] [烧写第八部分]烧写完成
[2011/4/29 19:51:23] [烧写第一部分]检验完成
[2011/4/29 19:51:23] [烧写第五部分]检验完成
[2011/4/29 19:51:23] [烧写第六部分]检验完成
[2011/4/29 19:51:23] [烧写第七部分]检验完成
[2011/4/29 19:51:23] [烧写第八部分]检验完成
[2011/4/29 19:51:23] magic完成
[2011/4/29 19:51:23] 烧写结束...
[2011/4/29 19:55:14] 开始烧写...
[2011/4/29 19:55:14] [烧写第一部分]烧写完成
[2011/4/29 19:55:14] [烧写第五部分]烧写完成
[2011/4/29 19:55:14] [烧写第六部分]烧写完成
[2011/4/29 19:55:14] [烧写第七部分]烧写完成
[2011/4/29 19:55:14] [烧写第八部分]烧写完成
[2011/4/29 19:55:14] [烧写第一部分]检验完成
[2011/4/29 19:55:14] [烧写第五部分]检验完成
[2011/4/29 19:55:14] [烧写第六部分]检验完成
[2011/4/29 19:55:14] [烧写第七部分]检验完成
[2011/4/29 19:55:15] [烧写第八部分]检验完成
[2011/4/29 19:55:15] magic完成
[2011/4/29 19:55:15] 烧写结束...
[2011/4/29 19:59:42] 开始烧写...
[2011/4/29 19:59:42] [烧写第一部分]烧写完成
[2011/4/29 19:59:42] [烧写第五部分]烧写完成
[2011/4/29 19:59:42] [烧写第六部分]烧写完成
[2011/4/29 19:59:42] [烧写第七部分]烧写完成
[2011/4/29 19:59:43] [烧写第八部分]烧写完成
[2011/4/29 19:59:43] [烧写第一部分]检验完成
[2011/4/29 19:59:43] [烧写第五部分]检验完成
[2011/4/29 19:59:43] [烧写第六部分]检验完成
[2011/4/29 19:59:43] [烧写第七部分]检验完成
[2011/4/29 19:59:43] [烧写第八部分]检验完成
[2011/4/29 19:59:43] magic完成
[2011/4/29 19:59:43] 烧写结束...
[2011/4/29 20:22:40] 开始烧写...
[2011/4/29 20:22:40] [烧写第一部分]烧写完成
[2011/4/29 20:22:40] [烧写第五部分]烧写完成
[2011/4/29 20:22:40] [烧写第六部分]烧写完成
[2011/4/29 20:22:41] [烧写第七部分]烧写完成
[2011/4/29 20:22:41] [烧写第八部分]烧写完成
[2011/4/29 20:22:41] [烧写第一部分]检验完成
[2011/4/29 20:22:41] [烧写第五部分]检验完成
[2011/4/29 20:22:41] [烧写第六部分]检验完成
[2011/4/29 20:22:41] [烧写第七部分]检验完成
[2011/4/29 20:22:41] [烧写第八部分]检验完成
[2011/4/29 20:22:41] magic完成
[2011/4/29 20:22:41] 烧写结束...
[2011/5/3 10:46:15] 未发现卡
[2011/5/3 10:46:44] 开始烧写...
[2011/5/3 10:46:44] [烧写第一部分]烧写完成
[2011/5/3 10:46:44] [烧写第五部分]烧写完成
[2011/5/3 10:46:44] [烧写第六部分]烧写完成
[2011/5/3 10:46:45] [烧写第七部分]烧写完成
[2011/5/3 10:46:45] [烧写第八部分]烧写完成
[2011/5/3 10:46:45] [烧写第一部分]检验完成
[2011/5/3 10:46:45] [烧写第五部分]检验完成
[2011/5/3 10:46:45] [烧写第六部分]检验完成
[2011/5/3 10:46:45] [烧写第七部分]检验完成
[2011/5/3 10:46:45] [烧写第八部分]检验完成
[2011/5/3 10:46:45] magic完成
[2011/5/3 10:46:45] 烧写结束...
[2011/5/3 10:50:20] 开始烧写...
[2011/5/3 10:50:20] [烧写第一部分]烧写完成
[2011/5/3 10:50:20] [烧写第五部分]烧写完成
[2011/5/3 10:50:20] [烧写第六部分]烧写完成
[2011/5/3 10:50:20] [烧写第七部分]烧写完成
[2011/5/3 10:50:21] [烧写第八部分]烧写完成
[2011/5/3 10:50:21] [烧写第一部分]检验完成
[2011/5/3 10:50:21] [烧写第五部分]检验完成
[2011/5/3 10:50:21] [烧写第六部分]检验完成
[2011/5/3 10:50:21] [烧写第七部分]检验完成
[2011/5/3 10:50:21] [烧写第八部分]检验完成
[2011/5/3 10:50:21] magic完成
[2011/5/3 10:50:21] 烧写结束...
[2011/5/3 11:22:13] 开始烧写...
[2011/5/3 11:22:13] [烧写第一部分]烧写完成
[2011/5/3 11:22:13] [烧写第五部分]烧写完成
[2011/5/3 11:22:13] [烧写第六部分]烧写完成
[2011/5/3 11:22:13] [烧写第七部分]烧写完成
[2011/5/3 11:22:14] [烧写第八部分]烧写完成
[2011/5/3 11:22:14] [烧写第一部分]检验完成
[2011/5/3 11:22:14] [烧写第五部分]检验完成
[2011/5/3 11:22:14] [烧写第六部分]检验完成
[2011/5/3 11:22:14] [烧写第七部分]检验完成
[2011/5/3 11:22:14] [烧写第八部分]检验完成
[2011/5/3 11:22:14] magic完成
[2011/5/3 11:22:14] 烧写结束...
[2011/5/3 11:29:14] 开始烧写...
[2011/5/3 11:29:14] [烧写第一部分]烧写完成
[2011/5/3 11:29:14] [烧写第五部分]烧写完成
[2011/5/3 11:29:14] [烧写第六部分]烧写完成
[2011/5/3 11:29:14] [烧写第七部分]烧写完成
[2011/5/3 11:29:15] [烧写第八部分]烧写完成
[2011/5/3 11:29:15] [烧写第一部分]检验完成
[2011/5/3 11:29:15] [烧写第五部分]检验完成
[2011/5/3 11:29:15] [烧写第六部分]检验完成
[2011/5/3 11:29:15] [烧写第七部分]检验完成
[2011/5/3 11:29:15] [烧写第八部分]检验完成
[2011/5/3 11:29:15] magic完成
[2011/5/3 11:29:15] 烧写结束...
[2011/5/3 13:6:46] 开始烧写...
[2011/5/3 13:6:46] [烧写第一部分]烧写完成
[2011/5/3 13:6:46] [烧写第五部分]烧写完成
[2011/5/3 13:6:46] [烧写第六部分]烧写完成
[2011/5/3 13:6:46] [烧写第七部分]烧写完成
[2011/5/3 13:6:47] [烧写第八部分]烧写完成
[2011/5/3 13:6:47] [烧写第一部分]检验完成
[2011/5/3 13:6:47] [烧写第五部分]检验完成
[2011/5/3 13:6:47] [烧写第六部分]检验完成
[2011/5/3 13:6:47] [烧写第七部分]检验完成
[2011/5/3 13:6:47] [烧写第八部分]检验完成
[2011/5/3 13:6:47] magic完成
[2011/5/3 13:6:47] 烧写结束...
[2011/5/3 13:15:13] 开始烧写...
[2011/5/3 13:15:13] [烧写第一部分]烧写完成
[2011/5/3 13:15:13] [烧写第五部分]烧写完成
[2011/5/3 13:15:13] [烧写第六部分]烧写完成
[2011/5/3 13:15:13] [烧写第七部分]烧写完成
[2011/5/3 13:15:14] [烧写第八部分]烧写完成
[2011/5/3 13:15:14] [烧写第一部分]检验完成
[2011/5/3 13:15:14] [烧写第五部分]检验完成
[2011/5/3 13:15:14] [烧写第六部分]检验完成
[2011/5/3 13:15:14] [烧写第七部分]检验完成
[2011/5/3 13:15:14] [烧写第八部分]检验完成
[2011/5/3 13:15:14] magic完成
[2011/5/3 13:15:14] 烧写结束...
[2011/5/3 13:21:37] 开始烧写...
[2011/5/3 13:21:37] [烧写第一部分]烧写完成
[2011/5/3 13:21:37] [烧写第五部分]烧写完成
[2011/5/3 13:21:37] [烧写第六部分]烧写完成
[2011/5/3 13:21:37] [烧写第七部分]烧写完成
[2011/5/3 13:21:38] [烧写第八部分]烧写完成
[2011/5/3 13:21:38] [烧写第一部分]检验完成
[2011/5/3 13:21:38] [烧写第五部分]检验完成
[2011/5/3 13:21:38] [烧写第六部分]检验完成
[2011/5/3 13:21:38] [烧写第七部分]检验完成
[2011/5/3 13:21:38] [烧写第八部分]检验完成
[2011/5/3 13:21:38] magic完成
[2011/5/3 13:21:38] 烧写结束...
[2011/5/3 14:39:22] 开始烧写...
[2011/5/3 14:40:48] 开始烧写...
[2011/5/3 14:40:48] [烧写第一部分]烧写完成
[2011/5/3 14:40:48] [烧写第五部分]烧写完成
[2011/5/3 14:40:48] [烧写第六部分]烧写完成
[2011/5/3 14:40:48] [烧写第七部分]烧写完成
[2011/5/3 14:40:49] [烧写第八部分]烧写完成
[2011/5/3 14:40:49] [烧写第一部分]检验完成
[2011/5/3 14:40:49] [烧写第五部分]检验完成
[2011/5/3 14:40:49] [烧写第六部分]检验完成
[2011/5/3 14:40:49] [烧写第七部分]检验完成
[2011/5/3 14:40:49] [烧写第八部分]检验完成
[2011/5/3 14:40:49] magic完成
[2011/5/3 14:40:49] 烧写结束...
[2011/5/3 15:16:20] 开始烧写...
[2011/5/3 15:16:21] [烧写第一部分]烧写失败
[2011/5/3 15:16:21] 处理出错
[2011/5/3 15:18:58] 格式化卡到正常状态失败
[2011/5/3 15:26:28] 开始烧写...
[2011/5/3 15:26:28] [烧写第一部分]烧写完成
[2011/5/3 15:26:28] [烧写第五部分]烧写完成
[2011/5/3 15:26:28] [烧写第六部分]烧写完成
[2011/5/3 15:26:28] [烧写第七部分]烧写完成
[2011/5/3 15:26:29] [烧写第八部分]烧写完成
[2011/5/3 15:26:29] [烧写第一部分]检验完成
[2011/5/3 15:26:29] [烧写第五部分]检验完成
[2011/5/3 15:26:29] [烧写第六部分]检验完成
[2011/5/3 15:26:29] [烧写第七部分]检验完成
[2011/5/3 15:26:29] [烧写第八部分]检验完成
[2011/5/3 15:26:29] magic完成
[2011/5/3 15:26:29] 烧写结束...
[2011/5/3 15:32:4] 开始烧写...
[2011/5/3 15:32:4] 处理出错
[2011/5/3 15:35:28] 开始烧写...
[2011/5/3 15:35:28] [烧写第一部分]烧写完成
[2011/5/3 15:35:29] [烧写第五部分]烧写完成
[2011/5/3 15:35:29] [烧写第六部分]烧写完成
[2011/5/3 15:35:29] [烧写第七部分]烧写完成
[2011/5/3 15:35:29] [烧写第八部分]烧写完成
[2011/5/3 15:35:29] [烧写第一部分]检验完成
[2011/5/3 15:35:29] [烧写第五部分]检验完成
[2011/5/3 15:35:29] [烧写第六部分]检验完成
[2011/5/3 15:35:29] [烧写第七部分]检验完成
[2011/5/3 15:35:29] [烧写第八部分]检验完成
[2011/5/3 15:35:29] magic完成
[2011/5/3 15:35:29] 烧写结束...
[2011/5/3 15:37:54] 开始烧写...
[2011/5/3 15:37:54] [烧写第一部分]烧写完成
[2011/5/3 15:37:54] [烧写第五部分]烧写完成
[2011/5/3 15:37:54] [烧写第六部分]烧写完成
[2011/5/3 15:37:54] [烧写第七部分]烧写完成
[2011/5/3 15:37:55] [烧写第八部分]烧写完成
[2011/5/3 15:37:55] [烧写第一部分]检验完成
[2011/5/3 15:37:55] [烧写第五部分]检验完成
[2011/5/3 15:37:55] [烧写第六部分]检验完成
[2011/5/3 15:37:55] [烧写第七部分]检验完成
[2011/5/3 15:37:55] [烧写第八部分]检验完成
[2011/5/3 15:37:55] magic完成
[2011/5/3 15:37:55] 烧写结束...
[2011/5/3 15:42:57] 开始烧写...
[2011/5/3 15:42:57] [烧写第一部分]烧写完成
[2011/5/3 15:42:58] [烧写第五部分]烧写完成
[2011/5/3 15:42:58] [烧写第六部分]烧写完成
[2011/5/3 15:42:58] [烧写第七部分]烧写完成
[2011/5/3 15:42:59] [烧写第八部分]烧写完成
[2011/5/3 15:42:59] [烧写第一部分]检验完成
[2011/5/3 15:42:59] [烧写第五部分]检验完成
[2011/5/3 15:42:59] [烧写第六部分]检验完成
[2011/5/3 15:42:59] [烧写第七部分]检验完成
[2011/5/3 15:42:59] [烧写第八部分]检验完成
[2011/5/3 15:42:59] magic完成
[2011/5/3 15:42:59] 烧写结束...
[2011/5/3 15:43:55] 开始烧写...
[2011/5/3 15:43:55] [烧写第一部分]烧写失败
[2011/5/3 15:43:55] 处理出错
[2011/5/3 15:50:1] 开始烧写...
[2011/5/3 15:50:1] [烧写第一部分]烧写完成
[2011/5/3 15:50:1] [烧写第五部分]烧写完成
[2011/5/3 15:50:1] [烧写第六部分]烧写完成
[2011/5/3 15:50:1] [烧写第七部分]烧写完成
[2011/5/3 15:50:2] [烧写第八部分]烧写完成
[2011/5/3 15:50:2] [烧写第一部分]检验完成
[2011/5/3 15:50:2] [烧写第五部分]检验完成
[2011/5/3 15:50:2] [烧写第六部分]检验完成
[2011/5/3 15:50:2] [烧写第七部分]检验完成
[2011/5/3 15:50:2] [烧写第八部分]检验完成
[2011/5/3 15:50:2] magic完成
[2011/5/3 15:50:2] 烧写结束...
[2011/5/3 15:56:7] 格式化卡到正常状态成功
[2011/5/3 15:56:44] 开始烧写...
[2011/5/3 15:56:44] [烧写第一部分]烧写失败
[2011/5/3 15:56:44] 处理出错
[2011/5/3 15:57:1] 格式化卡到正常状态成功
[2011/5/3 15:57:17] 开始烧写...
[2011/5/3 15:57:17] [烧写第一部分]烧写完成
[2011/5/3 15:57:17] [烧写第五部分]烧写完成
[2011/5/3 15:57:17] [烧写第六部分]烧写完成
[2011/5/3 15:57:17] [烧写第七部分]烧写完成
[2011/5/3 15:57:18] [烧写第八部分]烧写完成
[2011/5/3 15:57:18] [烧写第一部分]检验完成
[2011/5/3 15:57:18] [烧写第五部分]检验完成
[2011/5/3 15:57:18] [烧写第六部分]检验完成
[2011/5/3 15:57:18] [烧写第七部分]检验完成
[2011/5/3 15:57:18] [烧写第八部分]检验完成
[2011/5/3 15:57:18] magic完成
[2011/5/3 15:57:18] 烧写结束...
[2011/5/3 15:59:48] 开始烧写...
[2011/5/3 15:59:48] [烧写第一部分]烧写完成
[2011/5/3 15:59:48] [烧写第五部分]烧写完成
[2011/5/3 15:59:48] [烧写第六部分]烧写完成
[2011/5/3 15:59:48] [烧写第七部分]烧写完成
[2011/5/3 15:59:49] [烧写第八部分]烧写完成
[2011/5/3 15:59:49] [烧写第一部分]检验完成
[2011/5/3 15:59:49] [烧写第五部分]检验完成
[2011/5/3 15:59:49] [烧写第六部分]检验完成
[2011/5/3 15:59:49] [烧写第七部分]检验完成
[2011/5/3 15:59:49] [烧写第八部分]检验完成
[2011/5/3 15:59:49] magic完成
[2011/5/3 15:59:49] 烧写结束...
[2011/5/16 14:51:36] 未发现卡
[2011/5/19 16:22:34] 开始烧写...
[2011/5/19 16:22:34] [烧写第一部分]烧写完成
[2011/5/19 16:22:34] [烧写第五部分]烧写完成
[2011/5/19 16:22:35] [烧写第六部分]烧写完成
[2011/5/19 16:22:35] [烧写第七部分]烧写完成
[2011/5/19 16:22:36] [烧写第八部分]烧写完成
[2011/5/19 16:22:36] [烧写第一部分]检验完成
[2011/5/19 16:22:36] [烧写第五部分]检验完成
[2011/5/19 16:22:36] [烧写第六部分]检验完成
[2011/5/19 16:22:36] [烧写第七部分]检验完成
[2011/5/19 16:22:36] [烧写第八部分]检验完成
[2011/5/19 16:22:36] magic完成
[2011/5/19 16:22:36] 烧写结束...
[2011/5/19 16:23:47] 开始烧写...
[2011/5/19 16:23:47] [烧写第一部分]烧写完成
[2011/5/19 16:23:47] [烧写第五部分]烧写完成
[2011/5/19 16:23:48] [烧写第六部分]烧写完成
[2011/5/19 16:23:48] [烧写第七部分]烧写完成
[2011/5/19 16:23:49] [烧写第八部分]烧写完成
[2011/5/19 16:23:49] [烧写第一部分]检验完成
[2011/5/19 16:23:49] [烧写第五部分]检验完成
[2011/5/19 16:23:49] [烧写第六部分]检验完成
[2011/5/19 16:23:49] [烧写第七部分]检验完成
[2011/5/19 16:23:49] [烧写第八部分]检验完成
[2011/5/19 16:23:49] magic完成
[2011/5/19 16:23:49] 烧写结束...
[2011/5/19 16:25:27] 开始烧写...
[2011/5/19 16:25:27] [烧写第一部分]烧写完成
[2011/5/19 16:25:28] [烧写第五部分]烧写完成
[2011/5/19 16:25:28] [烧写第六部分]烧写完成
[2011/5/19 16:25:28] [烧写第七部分]烧写完成
[2011/5/19 16:25:29] [烧写第八部分]烧写完成
[2011/5/19 16:25:29] [烧写第一部分]检验完成
[2011/5/19 16:25:29] [烧写第五部分]检验完成
[2011/5/19 16:25:29] [烧写第六部分]检验完成
[2011/5/19 16:25:29] [烧写第七部分]检验完成
[2011/5/19 16:25:29] [烧写第八部分]检验完成
[2011/5/19 16:25:29] magic完成
[2011/5/19 16:25:29] 烧写结束...
[2011/5/19 16:42:14] 开始烧写...
[2011/5/19 16:42:14] [烧写第一部分]烧写失败
[2011/5/19 16:42:15] 处理出错
[2011/5/19 16:42:26] 未发现卡
[2011/5/19 16:42:39] 开始烧写...
[2011/5/19 16:42:39] [烧写第一部分]烧写完成
[2011/5/19 16:42:40] [烧写第五部分]烧写完成
[2011/5/19 16:42:40] [烧写第六部分]烧写完成
[2011/5/19 16:42:40] [烧写第七部分]烧写完成
[2011/5/19 16:42:41] [烧写第八部分]烧写完成
[2011/5/19 16:42:41] [烧写第一部分]检验完成
[2011/5/19 16:42:41] [烧写第五部分]检验完成
[2011/5/19 16:42:41] [烧写第六部分]检验完成
[2011/5/19 16:42:41] [烧写第七部分]检验完成
[2011/5/19 16:42:41] [烧写第八部分]检验完成
[2011/5/19 16:42:41] magic完成
[2011/5/19 16:42:41] 烧写结束...
[2011/5/19 16:45:22] 开始烧写...
[2011/5/19 16:45:23] [烧写第一部分]烧写完成
[2011/5/19 16:45:23] [烧写第五部分]烧写完成
[2011/5/19 16:45:23] [烧写第六部分]烧写完成
[2011/5/19 16:45:23] [烧写第七部分]烧写完成
[2011/5/19 16:45:24] [烧写第八部分]烧写完成
[2011/5/19 16:45:24] [烧写第一部分]检验完成
[2011/5/19 16:45:24] [烧写第五部分]检验完成
[2011/5/19 16:45:24] [烧写第六部分]检验完成
[2011/5/19 16:45:24] [烧写第七部分]检验完成
[2011/5/19 16:45:25] [烧写第八部分]检验完成
[2011/5/19 16:45:25] magic完成
[2011/5/19 16:45:25] 烧写结束...
[2011/5/19 16:47:24] 开始烧写...
[2011/5/19 16:47:45] 处理出错
[2011/5/19 16:58:8] 开始烧写...
[2011/5/19 16:58:8] [烧写第一部分]烧写完成
[2011/5/19 16:58:8] [烧写第五部分]烧写完成
[2011/5/19 16:58:8] [烧写第六部分]烧写完成
[2011/5/19 16:58:8] [烧写第七部分]烧写完成
[2011/5/19 16:58:10] [烧写第八部分]烧写完成
[2011/5/19 16:58:10] [烧写第一部分]检验完成
[2011/5/19 16:58:10] [烧写第五部分]检验完成
[2011/5/19 16:58:10] [烧写第六部分]检验完成
[2011/5/19 16:58:10] [烧写第七部分]检验完成
[2011/5/19 16:58:10] [烧写第八部分]检验完成
[2011/5/19 16:58:10] magic完成
[2011/5/19 16:58:10] 烧写结束...
[2011/5/19 17:5:45] 开始烧写...
[2011/5/19 17:5:45] [烧写第一部分]烧写完成
[2011/5/19 17:5:45] [烧写第五部分]烧写完成
[2011/5/19 17:5:46] [烧写第六部分]烧写完成
[2011/5/19 17:5:46] [烧写第七部分]烧写完成
[2011/5/19 17:5:47] [烧写第八部分]烧写完成
[2011/5/19 17:5:47] [烧写第一部分]检验完成
[2011/5/19 17:5:47] [烧写第五部分]检验完成
[2011/5/19 17:5:47] [烧写第六部分]检验完成
[2011/5/19 17:5:47] [烧写第七部分]检验完成
[2011/5/19 17:5:47] [烧写第八部分]检验完成
[2011/5/19 17:5:47] magic完成
[2011/5/19 17:5:47] 烧写结束...
[2011/5/19 17:6:15] 开始烧写...
[2011/5/19 17:6:15] [烧写第一部分]烧写完成
[2011/5/19 17:6:15] [烧写第五部分]烧写完成
[2011/5/19 17:6:16] [烧写第六部分]烧写完成
[2011/5/19 17:6:16] [烧写第七部分]烧写完成
[2011/5/19 17:6:17] [烧写第八部分]烧写完成
[2011/5/19 17:6:17] [烧写第一部分]检验完成
[2011/5/19 17:6:17] [烧写第五部分]检验完成
[2011/5/19 17:6:17] [烧写第六部分]检验完成
[2011/5/19 17:6:17] [烧写第七部分]检验完成
[2011/5/19 17:6:17] [烧写第八部分]检验完成
[2011/5/19 17:6:17] magic完成
[2011/5/19 17:6:17] 烧写结束...
[2011/5/19 17:55:4] 开始烧写...
[2011/5/19 17:55:4] [烧写第一部分]烧写完成
[2011/5/19 17:55:5] [烧写第五部分]烧写完成
[2011/5/19 17:55:5] [烧写第六部分]烧写完成
[2011/5/19 17:55:5] [烧写第七部分]烧写完成
[2011/5/19 17:55:6] [烧写第八部分]烧写完成
[2011/5/19 17:55:6] [烧写第一部分]检验完成
[2011/5/19 17:55:6] [烧写第五部分]检验完成
[2011/5/19 17:55:6] [烧写第六部分]检验完成
[2011/5/19 17:55:6] [烧写第七部分]检验完成
[2011/5/19 17:55:6] [烧写第八部分]检验完成
[2011/5/19 17:55:6] magic完成
[2011/5/19 17:55:6] 烧写结束...
[2011/5/21 13:50:1] 开始烧写...
[2011/5/21 13:50:1] [烧写第一部分]烧写完成
[2011/5/21 13:50:1] [烧写第二部分]烧写完成
[2011/5/21 13:50:1] [烧写第三部分]烧写完成
[2011/5/21 13:50:1] [烧写第四部分]烧写完成
[2011/5/21 13:50:1] [烧写第五部分]烧写完成
[2011/5/21 13:50:1] [烧写第六部分]烧写完成
[2011/5/21 13:50:1] [烧写第七部分]烧写完成
[2011/5/21 13:50:4] [烧写第八部分]烧写完成
[2011/5/21 13:50:4] [烧写第一部分]检验完成
[2011/5/21 13:50:4] [烧写第二部分]检验完成
[2011/5/21 13:50:4] [烧写第三部分]检验完成
[2011/5/21 13:50:4] [烧写第四部分]检验完成
[2011/5/21 13:50:4] [烧写第五部分]检验完成
[2011/5/21 13:50:4] [烧写第六部分]检验完成
[2011/5/21 13:50:4] [烧写第七部分]检验完成
[2011/5/21 13:50:4] [烧写第八部分]检验完成
[2011/5/21 13:50:4] magic完成
[2011/5/21 13:50:4] 烧写结束...
[2011/5/21 13:54:0] 开始烧写...
[2011/5/21 13:54:0] [烧写第一部分]烧写完成
[2011/5/21 13:54:1] [烧写第二部分]烧写完成
[2011/5/21 13:54:1] [烧写第三部分]烧写完成
[2011/5/21 13:54:1] [烧写第四部分]烧写完成
[2011/5/21 13:54:1] [烧写第五部分]烧写完成
[2011/5/21 13:54:1] [烧写第六部分]烧写完成
[2011/5/21 13:54:2] [烧写第七部分]烧写完成
[2011/5/21 13:54:3] [烧写第八部分]烧写完成
[2011/5/21 13:54:3] [烧写第一部分]检验完成
[2011/5/21 13:54:3] [烧写第二部分]检验完成
[2011/5/21 13:54:3] [烧写第三部分]检验完成
[2011/5/21 13:54:3] [烧写第四部分]检验完成
[2011/5/21 13:54:3] [烧写第五部分]检验完成
[2011/5/21 13:54:3] [烧写第六部分]检验完成
[2011/5/21 13:54:3] [烧写第七部分]检验完成
[2011/5/21 13:54:3] [烧写第八部分]检验完成
[2011/5/21 13:54:3] magic完成
[2011/5/21 13:54:3] 烧写结束...
[2011/5/21 15:33:1] 开始烧写...
[2011/5/21 15:33:1] [烧写第一部分]烧写完成
[2011/5/21 15:33:1] [烧写第二部分]烧写完成
[2011/5/21 15:33:1] [烧写第三部分]烧写完成
[2011/5/21 15:33:1] [烧写第四部分]烧写完成
[2011/5/21 15:33:1] [烧写第五部分]烧写完成
[2011/5/21 15:33:1] [烧写第六部分]烧写完成
[2011/5/21 15:33:1] [烧写第七部分]烧写完成
[2011/5/21 15:33:4] [烧写第八部分]烧写完成
[2011/5/21 15:33:4] [烧写第一部分]检验完成
[2011/5/21 15:33:4] [烧写第二部分]检验完成
[2011/5/21 15:33:4] [烧写第三部分]检验完成
[2011/5/21 15:33:4] [烧写第四部分]检验完成
[2011/5/21 15:33:4] [烧写第五部分]检验完成
[2011/5/21 15:33:4] [烧写第六部分]检验完成
[2011/5/21 15:33:4] [烧写第七部分]检验完成
[2011/5/21 15:33:4] [烧写第八部分]检验完成
[2011/5/21 15:33:4] magic完成
[2011/5/21 15:33:4] 烧写结束...
[2011/5/21 15:55:30] 开始烧写...
[2011/5/21 15:55:31] [烧写第一部分]烧写完成
[2011/5/21 15:55:31] [烧写第二部分]烧写完成
[2011/5/21 15:55:31] [烧写第三部分]烧写完成
[2011/5/21 15:55:31] [烧写第四部分]烧写完成
[2011/5/21 15:55:31] [烧写第五部分]烧写完成
[2011/5/21 15:55:31] [烧写第六部分]烧写完成
[2011/5/21 15:55:31] [烧写第七部分]烧写完成
[2011/5/21 15:55:33] [烧写第八部分]烧写完成
[2011/5/21 15:55:33] [烧写第一部分]检验完成
[2011/5/21 15:55:33] [烧写第二部分]检验完成
[2011/5/21 15:55:34] [烧写第三部分]检验完成
[2011/5/21 15:55:34] [烧写第四部分]检验完成
[2011/5/21 15:55:34] [烧写第五部分]检验完成
[2011/5/21 15:55:34] [烧写第六部分]检验完成
[2011/5/21 15:55:34] [烧写第七部分]检验完成
[2011/5/21 15:55:34] [烧写第八部分]检验完成
[2011/5/21 15:55:34] magic完成
[2011/5/21 15:55:34] 烧写结束...
[2011/5/21 16:1:22] 开始烧写...
[2011/5/21 16:1:22] [烧写第一部分]烧写完成
[2011/5/21 16:1:22] [烧写第二部分]烧写完成
[2011/5/21 16:1:22] [烧写第三部分]烧写完成
[2011/5/21 16:1:22] [烧写第四部分]烧写完成
[2011/5/21 16:1:22] [烧写第五部分]烧写完成
[2011/5/21 16:1:22] [烧写第六部分]烧写完成
[2011/5/21 16:1:22] [烧写第七部分]烧写完成
[2011/5/21 16:1:25] [烧写第八部分]烧写完成
[2011/5/21 16:1:25] [烧写第一部分]检验完成
[2011/5/21 16:1:25] [烧写第二部分]检验完成
[2011/5/21 16:1:25] [烧写第三部分]检验完成
[2011/5/21 16:1:25] [烧写第四部分]检验完成
[2011/5/21 16:1:25] [烧写第五部分]检验完成
[2011/5/21 16:1:25] [烧写第六部分]检验完成
[2011/5/21 16:1:25] [烧写第七部分]检验完成
[2011/5/21 16:1:25] [烧写第八部分]检验完成
[2011/5/21 16:1:25] magic完成
[2011/5/21 16:1:25] 烧写结束...
[2011/5/21 16:12:13] 开始烧写...
[2011/5/21 16:12:14] 处理出错
[2011/5/21 16:12:25] 开始烧写...
[2011/5/21 16:12:25] 处理出错
[2011/5/21 16:12:27] 开始烧写...
[2011/5/21 16:12:28] 处理出错
[2011/5/21 16:13:54] 开始烧写...
[2011/5/21 16:13:55] [烧写第一部分]烧写完成
[2011/5/21 16:13:55] [烧写第二部分]烧写完成
[2011/5/21 16:13:55] [烧写第三部分]烧写完成
[2011/5/21 16:13:55] [烧写第四部分]烧写完成
[2011/5/21 16:13:55] [烧写第五部分]烧写完成
[2011/5/21 16:13:56] [烧写第六部分]烧写完成
[2011/5/21 16:13:56] [烧写第七部分]烧写完成
[2011/5/21 16:14:3] [烧写第八部分]烧写完成
[2011/5/21 16:14:3] [烧写第一部分]检验完成
[2011/5/21 16:14:3] [烧写第二部分]检验完成
[2011/5/21 16:14:3] [烧写第三部分]检验完成
[2011/5/21 16:14:3] [烧写第四部分]检验完成
[2011/5/21 16:14:3] [烧写第五部分]检验完成
[2011/5/21 16:14:3] [烧写第六部分]检验完成
[2011/5/21 16:14:3] [烧写第七部分]检验完成
[2011/5/21 16:14:3] [烧写第八部分]检验完成
[2011/5/21 16:14:3] magic完成
[2011/5/21 16:14:3] 烧写结束...
[2011/5/27 11:17:22] 开始烧写...
[2011/5/27 11:17:22] [烧写第一部分]烧写完成
[2011/5/27 11:17:22] [烧写第五部分]烧写完成
[2011/5/27 11:17:23] [烧写第六部分]烧写完成
[2011/5/27 11:17:23] [烧写第七部分]烧写完成
[2011/5/27 11:17:24] [烧写第八部分]烧写完成
[2011/5/27 11:17:24] [烧写第一部分]检验完成
[2011/5/27 11:17:24] [烧写第五部分]检验完成
[2011/5/27 11:17:24] [烧写第六部分]检验完成
[2011/5/27 11:17:24] [烧写第七部分]检验完成
[2011/5/27 11:17:24] [烧写第八部分]检验完成
[2011/5/27 11:17:24] magic完成
[2011/5/27 11:17:24] 烧写结束...
[2011/5/27 11:24:40] 开始烧写...
[2011/5/27 11:24:40] [烧写第一部分]烧写完成
[2011/5/27 11:24:41] [烧写第五部分]烧写完成
[2011/5/27 11:24:41] [烧写第六部分]烧写完成
[2011/5/27 11:24:41] [烧写第七部分]烧写完成
[2011/5/27 11:24:42] [烧写第八部分]烧写完成
[2011/5/27 11:24:42] [烧写第一部分]检验完成
[2011/5/27 11:24:42] [烧写第五部分]检验完成
[2011/5/27 11:24:42] [烧写第六部分]检验完成
[2011/5/27 11:24:42] [烧写第七部分]检验完成
[2011/5/27 11:24:42] [烧写第八部分]检验完成
[2011/5/27 11:24:42] magic完成
[2011/5/27 11:24:42] 烧写结束...
[2011/5/27 13:22:51] 开始烧写...
[2011/5/27 13:22:51] [烧写第一部分]烧写完成
[2011/5/27 13:22:52] [烧写第五部分]烧写完成
[2011/5/27 13:22:52] [烧写第六部分]烧写完成
[2011/5/27 13:22:52] [烧写第七部分]烧写完成
[2011/5/27 13:22:53] [烧写第八部分]烧写完成
[2011/5/27 13:22:53] [烧写第一部分]检验完成
[2011/5/27 13:22:53] [烧写第五部分]检验完成
[2011/5/27 13:22:53] [烧写第六部分]检验完成
[2011/5/27 13:22:53] [烧写第七部分]检验完成
[2011/5/27 13:22:53] [烧写第八部分]检验完成
[2011/5/27 13:22:53] magic完成
[2011/5/27 13:22:53] 烧写结束...
[2011/5/27 13:27:26] 开始烧写...
[2011/5/27 13:27:26] [烧写第一部分]烧写完成
[2011/5/27 13:27:26] [烧写第五部分]烧写完成
[2011/5/27 13:27:26] [烧写第六部分]烧写完成
[2011/5/27 13:27:27] [烧写第七部分]烧写完成
[2011/5/27 13:27:27] [烧写第八部分]烧写完成
[2011/5/27 13:27:28] [烧写第一部分]检验完成
[2011/5/27 13:27:28] [烧写第五部分]检验完成
[2011/5/27 13:27:28] [烧写第六部分]检验完成
[2011/5/27 13:27:28] [烧写第七部分]检验完成
[2011/5/27 13:27:28] [烧写第八部分]检验完成
[2011/5/27 13:27:28] magic完成
[2011/5/27 13:27:28] 烧写结束...
[2011/5/27 13:39:20] 开始烧写...
[2011/5/27 13:39:21] [烧写第一部分]烧写完成
[2011/5/27 13:39:21] [烧写第五部分]烧写完成
[2011/5/27 13:39:21] [烧写第六部分]烧写完成
[2011/5/27 13:39:22] [烧写第七部分]烧写完成
[2011/5/27 13:39:22] [烧写第八部分]烧写完成
[2011/5/27 13:39:23] [烧写第一部分]检验完成
[2011/5/27 13:39:23] [烧写第五部分]检验完成
[2011/5/27 13:39:23] [烧写第六部分]检验完成
[2011/5/27 13:39:23] [烧写第七部分]检验完成
[2011/5/27 13:39:23] [烧写第八部分]检验完成
[2011/5/27 13:39:23] magic完成
[2011/5/27 13:39:23] 烧写结束...
[2011/5/27 13:55:21] 开始烧写...
[2011/5/27 13:55:21] [烧写第一部分]烧写完成
[2011/5/27 13:55:22] [烧写第五部分]烧写完成
[2011/5/27 13:55:22] [烧写第六部分]烧写完成
[2011/5/27 13:55:22] [烧写第七部分]烧写完成
[2011/5/27 13:55:23] [烧写第八部分]烧写完成
[2011/5/27 13:55:23] [烧写第一部分]检验完成
[2011/5/27 13:55:23] [烧写第五部分]检验完成
[2011/5/27 13:55:23] [烧写第六部分]检验完成
[2011/5/27 13:55:23] [烧写第七部分]检验完成
[2011/5/27 13:55:23] [烧写第八部分]检验完成
[2011/5/27 13:55:23] magic完成
[2011/5/27 13:55:23] 烧写结束...
[2011/5/27 13:56:9] 开始烧写...
[2011/5/27 13:56:9] [烧写第一部分]烧写完成
[2011/5/27 13:56:9] [烧写第五部分]烧写完成
[2011/5/27 13:56:10] [烧写第六部分]烧写完成
[2011/5/27 13:56:10] [烧写第七部分]烧写完成
[2011/5/27 13:56:11] [烧写第八部分]烧写完成
[2011/5/27 13:56:12] [烧写第九部分]烧写完成
[2011/5/27 13:56:12] [烧写第一部分]检验完成
[2011/5/27 13:56:12] [烧写第五部分]检验完成
[2011/5/27 13:56:12] [烧写第六部分]检验完成
[2011/5/27 13:56:12] [烧写第七部分]检验完成
[2011/5/27 13:56:12] [烧写第八部分]检验完成
[2011/5/27 13:56:12] [烧写第九部分]检验完成
[2011/5/27 13:56:12] magic完成
[2011/5/27 13:56:12] 烧写结束...
[2011/5/27 14:2:24] 开始烧写...
[2011/5/27 14:2:24] [烧写第一部分]烧写完成
[2011/5/27 14:2:25] [烧写第五部分]烧写完成
[2011/5/27 14:2:25] [烧写第六部分]烧写完成
[2011/5/27 14:2:25] [烧写第七部分]烧写完成
[2011/5/27 14:2:26] [烧写第八部分]烧写完成
[2011/5/27 14:2:27] [烧写第九部分]烧写完成
[2011/5/27 14:2:27] [烧写第一部分]检验完成
[2011/5/27 14:2:27] [烧写第五部分]检验完成
[2011/5/27 14:2:27] [烧写第六部分]检验完成
[2011/5/27 14:2:27] [烧写第七部分]检验完成
[2011/5/27 14:2:27] [烧写第八部分]检验完成
[2011/5/27 14:2:27] [烧写第九部分]检验完成
[2011/5/27 14:2:27] magic完成
[2011/5/27 14:2:27] 烧写结束...
[2011/5/27 14:4:51] 开始烧写...
[2011/5/27 14:4:51] [烧写第一部分]烧写完成
[2011/5/27 14:4:52] [烧写第五部分]烧写完成
[2011/5/27 14:4:52] [烧写第六部分]烧写完成
[2011/5/27 14:4:52] [烧写第七部分]烧写完成
[2011/5/27 14:4:53] [烧写第八部分]烧写完成
[2011/5/27 14:4:54] [烧写第九部分]烧写完成
[2011/5/27 14:4:54] [烧写第一部分]检验完成
[2011/5/27 14:4:54] [烧写第五部分]检验完成
[2011/5/27 14:4:54] [烧写第六部分]检验完成
[2011/5/27 14:4:54] [烧写第七部分]检验完成
[2011/5/27 14:4:54] [烧写第八部分]检验完成
[2011/5/27 14:4:54] [烧写第九部分]检验完成
[2011/5/27 14:4:54] magic完成
[2011/5/27 14:4:54] 烧写结束...
[2011/5/27 14:4:58] 开始烧写...
[2011/5/27 14:4:58] [烧写第一部分]烧写完成
[2011/5/27 14:4:58] [烧写第五部分]烧写完成
[2011/5/27 14:4:58] [烧写第六部分]烧写完成
[2011/5/27 14:4:59] [烧写第七部分]烧写完成
[2011/5/27 14:5:1] [烧写第八部分]烧写完成
[2011/5/27 14:5:2] [烧写第九部分]烧写完成
[2011/5/27 14:5:2] [烧写第一部分]检验完成
[2011/5/27 14:5:2] [烧写第五部分]检验完成
[2011/5/27 14:5:2] [烧写第六部分]检验完成
[2011/5/27 14:5:2] [烧写第七部分]检验完成
[2011/5/27 14:5:2] [烧写第八部分]检验完成
[2011/5/27 14:5:2] [烧写第九部分]检验完成
[2011/5/27 14:5:2] magic完成
[2011/5/27 14:5:2] 烧写结束...
[2011/5/27 14:16:58] 开始烧写...
[2011/5/27 14:16:59] [烧写第一部分]烧写完成
[2011/5/27 14:16:59] [烧写第五部分]烧写完成
[2011/5/27 14:16:59] [烧写第六部分]烧写完成
[2011/5/27 14:16:59] [烧写第七部分]烧写完成
[2011/5/27 14:17:0] [烧写第八部分]烧写完成
[2011/5/27 14:17:1] [烧写第九部分]烧写完成
[2011/5/27 14:17:1] [烧写第一部分]检验完成
[2011/5/27 14:17:1] [烧写第五部分]检验完成
[2011/5/27 14:17:1] [烧写第六部分]检验完成
[2011/5/27 14:17:1] [烧写第七部分]检验完成
[2011/5/27 14:17:1] [烧写第八部分]检验完成
[2011/5/27 14:17:1] [烧写第九部分]检验完成
[2011/5/27 14:17:1] magic完成
[2011/5/27 14:17:1] 烧写结束...
[2011/5/27 14:21:53] 开始烧写...
[2011/5/27 14:21:54] [烧写第一部分]烧写完成
[2011/5/27 14:21:54] [烧写第五部分]烧写完成
[2011/5/27 14:21:54] [烧写第六部分]烧写完成
[2011/5/27 14:21:54] [烧写第七部分]烧写完成
[2011/5/27 14:21:55] [烧写第八部分]烧写完成
[2011/5/27 14:21:56] [烧写第九部分]烧写完成
[2011/5/27 14:21:56] [烧写第一部分]检验完成
[2011/5/27 14:21:56] [烧写第五部分]检验完成
[2011/5/27 14:21:56] [烧写第六部分]检验完成
[2011/5/27 14:21:56] [烧写第七部分]检验完成
[2011/5/27 14:21:56] [烧写第八部分]检验完成
[2011/5/27 14:21:56] [烧写第九部分]检验完成
[2011/5/27 14:21:56] magic完成
[2011/5/27 14:21:56] 烧写结束...
[2011/5/27 14:24:28] 开始烧写...
[2011/5/27 14:24:29] [烧写第一部分]烧写完成
[2011/5/27 14:24:29] [烧写第五部分]烧写完成
[2011/5/27 14:24:29] [烧写第六部分]烧写完成
[2011/5/27 14:24:29] [烧写第七部分]烧写完成
[2011/5/27 14:24:30] [烧写第八部分]烧写完成
[2011/5/27 14:24:31] [烧写第九部分]烧写完成
[2011/5/27 14:24:31] [烧写第一部分]检验完成
[2011/5/27 14:24:31] [烧写第五部分]检验完成
[2011/5/27 14:24:31] [烧写第六部分]检验完成
[2011/5/27 14:24:31] [烧写第七部分]检验完成
[2011/5/27 14:24:31] [烧写第八部分]检验完成
[2011/5/27 14:24:31] [烧写第九部分]检验完成
[2011/5/27 14:24:31] magic完成
[2011/5/27 14:24:31] 烧写结束...
[2011/5/27 14:28:35] 开始烧写...
[2011/5/27 14:28:35] [烧写第一部分]烧写完成
[2011/5/27 14:28:36] [烧写第五部分]烧写完成
[2011/5/27 14:28:36] [烧写第六部分]烧写完成
[2011/5/27 14:28:36] [烧写第七部分]烧写完成
[2011/5/27 14:28:37] [烧写第八部分]烧写完成
[2011/5/27 14:28:38] [烧写第九部分]烧写完成
[2011/5/27 14:28:38] [烧写第一部分]检验完成
[2011/5/27 14:28:38] [烧写第五部分]检验完成
[2011/5/27 14:28:38] [烧写第六部分]检验完成
[2011/5/27 14:28:38] [烧写第七部分]检验完成
[2011/5/27 14:28:38] [烧写第八部分]检验完成
[2011/5/27 14:28:38] [烧写第九部分]检验完成
[2011/5/27 14:28:38] magic完成
[2011/5/27 14:28:38] 烧写结束...
[2011/5/27 14:42:37] 开始烧写...
[2011/5/27 14:42:38] [烧写第一部分]烧写完成
[2011/5/27 14:42:38] [烧写第五部分]烧写完成
[2011/5/27 14:42:38] [烧写第六部分]烧写完成
[2011/5/27 14:42:38] [烧写第七部分]烧写完成
[2011/5/27 14:42:39] [烧写第八部分]烧写完成
[2011/5/27 14:42:40] [烧写第九部分]烧写完成
[2011/5/27 14:42:40] [烧写第一部分]检验完成
[2011/5/27 14:42:40] [烧写第五部分]检验完成
[2011/5/27 14:42:40] [烧写第六部分]检验完成
[2011/5/27 14:42:40] [烧写第七部分]检验完成
[2011/5/27 14:42:40] [烧写第八部分]检验完成
[2011/5/27 14:42:40] [烧写第九部分]检验完成
[2011/5/27 14:42:40] magic完成
[2011/5/27 14:42:40] 烧写结束...
[2011/5/27 14:50:29] 开始烧写...
[2011/5/27 14:50:30] [烧写第一部分]烧写完成
[2011/5/27 14:50:30] [烧写第五部分]烧写完成
[2011/5/27 14:50:30] [烧写第六部分]烧写完成
[2011/5/27 14:50:31] [烧写第七部分]烧写完成
[2011/5/27 14:50:32] [烧写第八部分]烧写完成
[2011/5/27 14:50:32] [烧写第九部分]烧写完成
[2011/5/27 14:50:32] [烧写第一部分]检验完成
[2011/5/27 14:50:32] [烧写第五部分]检验完成
[2011/5/27 14:50:32] [烧写第六部分]检验完成
[2011/5/27 14:50:32] [烧写第七部分]检验完成
[2011/5/27 14:50:33] [烧写第八部分]检验完成
[2011/5/27 14:50:33] [烧写第九部分]检验完成
[2011/5/27 14:50:33] magic完成
[2011/5/27 14:50:33] 烧写结束...
[2011/5/27 15:4:56] 开始烧写...
[2011/5/27 15:4:57] [烧写第一部分]烧写完成
[2011/5/27 15:4:57] [烧写第五部分]烧写完成
[2011/5/27 15:4:57] [烧写第六部分]烧写完成
[2011/5/27 15:4:57] [烧写第七部分]烧写完成
[2011/5/27 15:4:58] [烧写第八部分]烧写完成
[2011/5/27 15:4:59] [烧写第九部分]烧写完成
[2011/5/27 15:4:59] [烧写第一部分]检验完成
[2011/5/27 15:4:59] [烧写第五部分]检验完成
[2011/5/27 15:4:59] [烧写第六部分]检验完成
[2011/5/27 15:4:59] [烧写第七部分]检验完成
[2011/5/27 15:4:59] [烧写第八部分]检验完成
[2011/5/27 15:4:59] [烧写第九部分]检验完成
[2011/5/27 15:4:59] magic完成
[2011/5/27 15:4:59] 烧写结束...
[2011/5/27 15:24:48] 开始烧写...
[2011/5/27 15:24:49] [烧写第一部分]烧写完成
[2011/5/27 15:24:49] [烧写第五部分]烧写完成
[2011/5/27 15:24:50] [烧写第六部分]烧写完成
[2011/5/27 15:24:50] [烧写第七部分]烧写完成
[2011/5/27 15:24:51] [烧写第八部分]烧写完成
[2011/5/27 15:24:52] [烧写第九部分]烧写完成
[2011/5/27 15:24:52] [烧写第一部分]检验完成
[2011/5/27 15:24:52] [烧写第五部分]检验完成
[2011/5/27 15:24:52] [烧写第六部分]检验完成
[2011/5/27 15:24:52] [烧写第七部分]检验完成
[2011/5/27 15:24:52] [烧写第八部分]检验完成
[2011/5/27 15:24:52] [烧写第九部分]检验完成
[2011/5/27 15:24:52] magic完成
[2011/5/27 15:24:52] 烧写结束...
[2011/5/27 16:37:40] 开始烧写...
[2011/5/27 16:37:40] [烧写第一部分]烧写完成
[2011/5/27 16:37:41] [烧写第五部分]烧写完成
[2011/5/27 16:37:41] [烧写第六部分]烧写完成
[2011/5/27 16:37:41] [烧写第七部分]烧写完成
[2011/5/27 16:37:42] [烧写第八部分]烧写完成
[2011/5/27 16:37:43] [烧写第九部分]烧写完成
[2011/5/27 16:37:43] [烧写第一部分]检验完成
[2011/5/27 16:37:43] [烧写第五部分]检验完成
[2011/5/27 16:37:43] [烧写第六部分]检验完成
[2011/5/27 16:37:43] [烧写第七部分]检验完成
[2011/5/27 16:37:43] [烧写第八部分]检验完成
[2011/5/27 16:37:43] [烧写第九部分]检验完成
[2011/5/27 16:37:43] magic完成
[2011/5/27 16:37:43] 烧写结束...
[2011/5/27 16:40:18] 开始烧写...
[2011/5/27 16:40:19] [烧写第一部分]烧写完成
[2011/5/27 16:40:19] [烧写第五部分]烧写完成
[2011/5/27 16:40:20] [烧写第六部分]烧写完成
[2011/5/27 16:40:20] [烧写第七部分]烧写完成
[2011/5/27 16:40:21] [烧写第八部分]烧写完成
[2011/5/27 16:40:22] [烧写第九部分]烧写完成
[2011/5/27 16:40:22] [烧写第一部分]检验完成
[2011/5/27 16:40:22] [烧写第五部分]检验完成
[2011/5/27 16:40:22] [烧写第六部分]检验完成
[2011/5/27 16:40:22] [烧写第七部分]检验完成
[2011/5/27 16:40:22] [烧写第八部分]检验完成
[2011/5/27 16:40:22] [烧写第九部分]检验完成
[2011/5/27 16:40:22] magic完成
[2011/5/27 16:40:22] 烧写结束...
[2011/5/27 16:59:23] 开始烧写...
[2011/5/27 16:59:23] [烧写第一部分]烧写完成
[2011/5/27 16:59:24] [烧写第五部分]烧写完成
[2011/5/27 16:59:24] [烧写第六部分]烧写完成
[2011/5/27 16:59:24] [烧写第七部分]烧写完成
[2011/5/27 16:59:25] [烧写第八部分]烧写完成
[2011/5/27 16:59:26] [烧写第九部分]烧写完成
[2011/5/27 16:59:26] [烧写第一部分]检验完成
[2011/5/27 16:59:26] [烧写第五部分]检验完成
[2011/5/27 16:59:26] [烧写第六部分]检验完成
[2011/5/27 16:59:26] [烧写第七部分]检验完成
[2011/5/27 16:59:26] [烧写第八部分]检验完成
[2011/5/27 16:59:26] [烧写第九部分]检验完成
[2011/5/27 16:59:26] magic完成
[2011/5/27 16:59:26] 烧写结束...
[2011/5/31 10:45:53] 开始烧写...
[2011/5/31 10:45:54] [烧写第一部分]烧写完成
[2011/5/31 10:45:54] [烧写第五部分]烧写完成
[2011/5/31 10:45:54] [烧写第六部分]烧写完成
[2011/5/31 10:45:54] [烧写第七部分]烧写完成
[2011/5/31 10:45:56] [烧写第八部分]烧写完成
[2011/5/31 10:45:56] [烧写第九部分]烧写完成
[2011/5/31 10:45:56] [烧写第一部分]检验完成
[2011/5/31 10:45:56] [烧写第五部分]检验完成
[2011/5/31 10:45:56] [烧写第六部分]检验完成
[2011/5/31 10:45:56] [烧写第七部分]检验完成
[2011/5/31 10:45:57] [烧写第八部分]检验完成
[2011/5/31 10:45:57] [烧写第九部分]检验完成
[2011/5/31 10:45:57] magic完成
[2011/5/31 10:45:57] 烧写结束...
[2011/5/31 13:27:21] 开始烧写...
[2011/5/31 13:27:21] [烧写第一部分]烧写完成
[2011/5/31 13:27:22] [烧写第五部分]烧写完成
[2011/5/31 13:27:22] [烧写第六部分]烧写完成
[2011/5/31 13:27:22] [烧写第七部分]烧写完成
[2011/5/31 13:27:23] [烧写第八部分]烧写完成
[2011/5/31 13:27:24] [烧写第九部分]烧写完成
[2011/5/31 13:27:24] [烧写第一部分]检验完成
[2011/5/31 13:27:24] [烧写第五部分]检验完成
[2011/5/31 13:27:24] [烧写第六部分]检验完成
[2011/5/31 13:27:24] [烧写第七部分]检验完成
[2011/5/31 13:27:24] [烧写第八部分]检验完成
[2011/5/31 13:27:24] [烧写第九部分]检验完成
[2011/5/31 13:27:24] magic完成
[2011/5/31 13:27:24] 烧写结束...
[2011/5/31 13:32:44] 开始烧写...
[2011/5/31 13:32:45] [烧写第一部分]烧写完成
[2011/5/31 13:32:45] [烧写第五部分]烧写完成
[2011/5/31 13:32:46] [烧写第六部分]烧写完成
[2011/5/31 13:32:46] [烧写第七部分]烧写完成
[2011/5/31 13:32:47] [烧写第八部分]烧写完成
[2011/5/31 13:32:48] [烧写第九部分]烧写完成
[2011/5/31 13:32:48] [烧写第一部分]检验完成
[2011/5/31 13:32:48] [烧写第五部分]检验完成
[2011/5/31 13:32:48] [烧写第六部分]检验完成
[2011/5/31 13:32:48] [烧写第七部分]检验完成
[2011/5/31 13:32:48] [烧写第八部分]检验完成
[2011/5/31 13:32:48] [烧写第九部分]检验完成
[2011/5/31 13:32:48] magic完成
[2011/5/31 13:32:48] 烧写结束...
[2011/6/3 16:20:48] 开始烧写...
[2011/6/3 16:20:59] [烧写第一部分]烧写完成
[2011/6/3 16:21:9] [烧写第五部分]烧写完成
[2011/6/3 16:21:19] [烧写第六部分]烧写完成
[2011/6/3 16:21:21] [烧写第七部分]烧写完成
[2011/6/3 16:21:45] 处理出错
[2011/6/3 16:22:11] 开始烧写...
[2011/6/3 16:22:11] [烧写第一部分]烧写完成
[2011/6/3 16:22:12] [烧写第五部分]烧写完成
[2011/6/3 16:22:12] [烧写第六部分]烧写完成
[2011/6/3 16:22:12] [烧写第七部分]烧写完成
[2011/6/3 16:22:14] [烧写第八部分]烧写完成
[2011/6/3 16:22:15] [烧写第九部分]烧写完成
[2011/6/3 16:22:15] [烧写第一部分]检验完成
[2011/6/3 16:22:15] [烧写第五部分]检验完成
[2011/6/3 16:22:15] [烧写第六部分]检验完成
[2011/6/3 16:22:15] [烧写第七部分]检验完成
[2011/6/3 16:22:15] [烧写第八部分]检验完成
[2011/6/3 16:22:15] [烧写第九部分]检验完成
[2011/6/3 16:22:15] magic完成
[2011/6/3 16:22:15] 烧写结束...
[2011/6/3 16:34:6] 开始烧写...
[2011/6/3 16:34:6] [烧写第一部分]烧写完成
[2011/6/3 16:34:6] [烧写第五部分]烧写完成
[2011/6/3 16:34:7] [烧写第六部分]烧写完成
[2011/6/3 16:34:7] [烧写第七部分]烧写完成
[2011/6/3 16:34:8] [烧写第八部分]烧写完成
[2011/6/3 16:34:9] [烧写第九部分]烧写完成
[2011/6/3 16:34:9] [烧写第一部分]检验完成
[2011/6/3 16:34:9] [烧写第五部分]检验完成
[2011/6/3 16:34:9] [烧写第六部分]检验完成
[2011/6/3 16:34:9] [烧写第七部分]检验完成
[2011/6/3 16:34:10] [烧写第八部分]检验完成
[2011/6/3 16:34:10] [烧写第九部分]检验完成
[2011/6/3 16:34:10] magic完成
[2011/6/3 16:34:10] 烧写结束...
[2011/6/3 16:36:36] 开始烧写...
[2011/6/3 16:36:36] [烧写第一部分]烧写完成
[2011/6/3 16:36:36] [烧写第五部分]烧写完成
[2011/6/3 16:36:36] [烧写第六部分]烧写完成
[2011/6/3 16:36:36] [烧写第七部分]烧写完成
[2011/6/3 16:36:38] [烧写第八部分]烧写完成
[2011/6/3 16:36:39] [烧写第九部分]烧写完成
[2011/6/3 16:36:39] [烧写第一部分]检验完成
[2011/6/3 16:36:39] [烧写第五部分]检验完成
[2011/6/3 16:36:39] [烧写第六部分]检验完成
[2011/6/3 16:36:39] [烧写第七部分]检验完成
[2011/6/3 16:36:39] [烧写第八部分]检验完成
[2011/6/3 16:36:39] [烧写第九部分]检验完成
[2011/6/3 16:36:39] magic完成
[2011/6/3 16:36:39] 烧写结束...
[2011/6/3 17:13:51] 开始烧写...
[2011/6/3 17:13:51] [烧写第一部分]烧写完成
[2011/6/3 17:13:51] [烧写第五部分]烧写完成
[2011/6/3 17:13:51] [烧写第六部分]烧写完成
[2011/6/3 17:13:52] [烧写第七部分]烧写完成
[2011/6/3 17:13:53] [烧写第八部分]烧写完成
[2011/6/3 17:13:55] [烧写第九部分]烧写完成
[2011/6/3 17:13:55] [烧写第一部分]检验完成
[2011/6/3 17:13:55] [烧写第五部分]检验完成
[2011/6/3 17:13:55] [烧写第六部分]检验完成
[2011/6/3 17:13:55] [烧写第七部分]检验完成
[2011/6/3 17:13:55] [烧写第八部分]检验完成
[2011/6/3 17:13:55] [烧写第九部分]检验完成
[2011/6/3 17:13:55] magic完成
[2011/6/3 17:13:55] 烧写结束...
[2011/6/3 17:16:48] 格式化卡到正常状态成功
[2011/6/5 11:24:8] 开始烧写...
[2011/6/5 11:24:9] [烧写第一部分]烧写完成
[2011/6/5 11:24:9] [烧写第五部分]烧写完成
[2011/6/5 11:24:9] [烧写第六部分]烧写完成
[2011/6/5 11:24:9] [烧写第七部分]烧写完成
[2011/6/5 11:24:11] [烧写第八部分]烧写完成
[2011/6/5 11:24:12] [烧写第九部分]烧写完成
[2011/6/5 11:24:12] [烧写第一部分]检验完成
[2011/6/5 11:24:12] [烧写第五部分]检验完成
[2011/6/5 11:24:12] [烧写第六部分]检验完成
[2011/6/5 11:24:12] [烧写第七部分]检验完成
[2011/6/5 11:24:13] [烧写第八部分]检验完成
[2011/6/5 11:24:13] [烧写第九部分]检验完成
[2011/6/5 11:24:13] magic完成
[2011/6/5 11:24:13] 烧写结束...
[2011/6/5 11:32:10] 格式化卡到正常状态失败
[2011/6/5 11:32:30] 格式化卡到正常状态成功
[2011/6/5 11:32:36] 开始烧写...
[2011/6/5 11:32:36] [烧写第一部分]烧写完成
[2011/6/5 11:32:37] [烧写第五部分]烧写完成
[2011/6/5 11:32:37] [烧写第六部分]烧写完成
[2011/6/5 11:32:37] [烧写第七部分]烧写完成
[2011/6/5 11:32:38] [烧写第八部分]烧写完成
[2011/6/5 11:32:40] [烧写第九部分]烧写完成
[2011/6/5 11:32:40] [烧写第一部分]检验完成
[2011/6/5 11:32:40] [烧写第五部分]检验完成
[2011/6/5 11:32:40] [烧写第六部分]检验完成
[2011/6/5 11:32:40] [烧写第七部分]检验完成
[2011/6/5 11:32:40] [烧写第八部分]检验完成
[2011/6/5 11:32:40] [烧写第九部分]检验完成
[2011/6/5 11:32:40] magic完成
[2011/6/5 11:32:40] 烧写结束...
[2011/6/5 13:37:44] 开始烧写...
[2011/6/5 13:37:45] [烧写第一部分]烧写完成
[2011/6/5 13:37:45] [烧写第五部分]烧写完成
[2011/6/5 13:37:46] [烧写第六部分]烧写完成
[2011/6/5 13:37:46] [烧写第七部分]烧写完成
[2011/6/5 13:37:47] [烧写第八部分]烧写完成
[2011/6/5 13:37:49] [烧写第九部分]烧写完成
[2011/6/5 13:37:49] [烧写第一部分]检验完成
[2011/6/5 13:37:49] [烧写第五部分]检验完成
[2011/6/5 13:37:49] [烧写第六部分]检验完成
[2011/6/5 13:37:49] [烧写第七部分]检验完成
[2011/6/5 13:37:49] [烧写第八部分]检验完成
[2011/6/5 13:37:49] [烧写第九部分]检验完成
[2011/6/5 13:37:49] magic完成
[2011/6/5 13:37:49] 烧写结束...
[2011/6/5 16:26:25] 开始烧写...
[2011/6/5 16:26:36] [烧写第一部分]烧写完成
[2011/6/5 16:26:46] [烧写第五部分]烧写完成
[2011/6/5 16:26:56] [烧写第六部分]烧写完成
[2011/6/5 16:26:59] [烧写第七部分]烧写完成
[2011/6/5 16:27:1] 处理出错
[2011/6/5 17:7:31] 开始烧写...
[2011/6/5 17:7:32] [烧写第一部分]烧写完成
[2011/6/5 17:7:32] [烧写第五部分]烧写完成
[2011/6/5 17:7:32] [烧写第六部分]烧写完成
[2011/6/5 17:7:33] [烧写第七部分]烧写完成
[2011/6/5 17:7:35] [烧写第八部分]烧写完成
[2011/6/5 17:7:38] [烧写第九部分]烧写完成
[2011/6/5 17:7:38] [烧写第一部分]检验完成
[2011/6/5 17:7:38] [烧写第五部分]检验完成
[2011/6/5 17:7:38] [烧写第六部分]检验完成
[2011/6/5 17:7:38] [烧写第七部分]检验完成
[2011/6/5 17:7:38] [烧写第八部分]检验完成
[2011/6/5 17:7:38] [烧写第九部分]检验完成
[2011/6/5 17:7:38] magic完成
[2011/6/5 17:7:38] 烧写结束...
[2011/6/5 17:11:12] 开始烧写...
[2011/6/5 17:11:13] [烧写第一部分]烧写完成
[2011/6/5 17:11:13] [烧写第五部分]烧写完成
[2011/6/5 17:11:13] [烧写第六部分]烧写完成
[2011/6/5 17:11:13] [烧写第七部分]烧写完成
[2011/6/5 17:11:16] [烧写第八部分]烧写完成
[2011/6/5 17:11:19] [烧写第九部分]烧写完成
[2011/6/5 17:11:19] [烧写第一部分]检验完成
[2011/6/5 17:11:19] [烧写第五部分]检验完成
[2011/6/5 17:11:19] [烧写第六部分]检验完成
[2011/6/5 17:11:19] [烧写第七部分]检验完成
[2011/6/5 17:11:19] [烧写第八部分]检验完成
[2011/6/5 17:11:19] [烧写第九部分]检验完成
[2011/6/5 17:11:19] magic完成
[2011/6/5 17:11:19] 烧写结束...
[2011/6/5 17:34:41] 开始烧写...
[2011/6/5 17:34:52] [烧写第一部分]烧写完成
[2011/6/5 17:35:2] [烧写第五部分]烧写完成
[2011/6/5 17:35:11] 处理出错
[2011/6/5 17:35:32] 开始烧写...
[2011/6/5 17:35:32] [烧写第一部分]烧写完成
[2011/6/5 17:35:33] [烧写第五部分]烧写完成
[2011/6/5 17:35:33] [烧写第六部分]烧写完成
[2011/6/5 17:35:33] [烧写第七部分]烧写完成
[2011/6/5 17:35:36] [烧写第八部分]烧写完成
[2011/6/5 17:35:38] [烧写第九部分]烧写完成
[2011/6/5 17:35:38] [烧写第一部分]检验完成
[2011/6/5 17:35:38] [烧写第五部分]检验完成
[2011/6/5 17:35:38] [烧写第六部分]检验完成
[2011/6/5 17:35:38] [烧写第七部分]检验完成
[2011/6/5 17:35:38] [烧写第八部分]检验完成
[2011/6/5 17:35:38] [烧写第九部分]检验完成
[2011/6/5 17:35:39] magic完成
[2011/6/5 17:35:39] 烧写结束...
[2011/6/5 17:38:26] 开始烧写...
[2011/6/5 17:38:35] 处理出错
[2011/6/5 17:38:59] 开始烧写...
[2011/6/5 17:39:0] [烧写第一部分]烧写完成
[2011/6/5 17:39:0] [烧写第五部分]烧写完成
[2011/6/5 17:39:0] [烧写第六部分]烧写完成
[2011/6/5 17:39:0] [烧写第七部分]烧写完成
[2011/6/5 17:39:3] [烧写第八部分]烧写完成
[2011/6/5 17:39:6] [烧写第九部分]烧写完成
[2011/6/5 17:39:6] [烧写第一部分]检验完成
[2011/6/5 17:39:6] [烧写第五部分]检验完成
[2011/6/5 17:39:6] [烧写第六部分]检验完成
[2011/6/5 17:39:6] [烧写第七部分]检验完成
[2011/6/5 17:39:6] [烧写第八部分]检验完成
[2011/6/5 17:39:6] [烧写第九部分]检验完成
[2011/6/5 17:39:6] magic完成
[2011/6/5 17:39:6] 烧写结束...
[2011/6/5 17:40:48] 开始烧写...
[2011/6/5 17:40:48] [烧写第一部分]烧写完成
[2011/6/5 17:40:48] [烧写第五部分]烧写完成
[2011/6/5 17:40:48] [烧写第六部分]烧写完成
[2011/6/5 17:40:49] [烧写第七部分]烧写完成
[2011/6/5 17:40:52] [烧写第八部分]烧写完成
[2011/6/5 17:40:54] [烧写第九部分]烧写完成
[2011/6/5 17:40:54] [烧写第一部分]检验完成
[2011/6/5 17:40:54] [烧写第五部分]检验完成
[2011/6/5 17:40:54] [烧写第六部分]检验完成
[2011/6/5 17:40:54] [烧写第七部分]检验完成
[2011/6/5 17:40:54] [烧写第八部分]检验完成
[2011/6/5 17:40:54] [烧写第九部分]检验完成
[2011/6/5 17:40:54] magic完成
[2011/6/5 17:40:54] 烧写结束...
